Build started 14/3/2015 23:20:56.
     1>Project "M:\kk\4180\NetProbe2\NetProbe2\NetProbe2.vcxproj" on node 2 (Build target(s)).
     1>ClCompile:
         C:\Program Files (x86)\Microsoft Visual Studio 12.0\VC\bin\CL.exe /c /Zi /nologo /W3 /WX- /O2 /Oi /Oy- /GL /D WIN32 /D NDEBUG /D _CONSOLE /D _LIB /D _UNICODE /D UNICODE /Gm- /EHsc /MD /GS /Gy /fp:precise /Zc:wchar_t /Zc:forScope /Yu"stdafx.h" /Fp"Release\NetProbe2.pch" /Fo"Release\\" /Fd"Release\vc120.pdb" /Gd /TP /analyze- /errorReport:prompt NetProbe2.cpp
         NetProbe2.cpp
       Link:
         C:\Program Files (x86)\Microsoft Visual Studio 12.0\VC\bin\link.exe /ERRORREPORT:PROMPT /OUT:"M:\kk\4180\NetProbe2\Release\NetProbe2.exe" /INCREMENTAL:NO /NOLOGO kernel32.lib user32.lib gdi32.lib winspool.lib comdlg32.lib advapi32.lib shell32.lib ole32.lib oleaut32.lib uuid.lib odbc32.lib odbccp32.lib /MANIFEST /MANIFESTUAC:"level='asInvoker' uiAccess='false'" /manifest:embed /DEBUG /PDB:"M:\kk\4180\NetProbe2\Release\NetProbe2.pdb" /SUBSYSTEM:CONSOLE /OPT:REF /OPT:ICF /LTCG /TLBID:1 /DYNAMICBASE /NXCOMPAT /IMPLIB:"M:\kk\4180\NetProbe2\Release\NetProbe2.lib" /MACHINE:X86 /SAFESEH Release\NetProbe2.obj
         Release\NetProbeClientT.obj
         Release\NetProbeClientU.obj
         Release\NetProbeServer.obj
         Release\stdafx.obj
         Release\tinycthread.obj
         Generating code
     1>m:\kk\4180\netprobe2\netprobe2\netprobeserver.cpp(202): warning C4715: 'TCPChild' : not all control paths return a value
     1>m:\kk\4180\netprobe2\netprobe2\netprobeserver.cpp(353): warning C4715: 'UDPChild' : not all control paths return a value
         Finished generating code
         NetProbe2.vcxproj -> M:\kk\4180\NetProbe2\Release\NetProbe2.exe
     1>Done Building Project "M:\kk\4180\NetProbe2\NetProbe2\NetProbe2.vcxproj" (Build target(s)).

Build succeeded.

Time Elapsed 00:00:02.53
