Build started 14/3/2015 18:42:15.
     1>Project "M:\kk\4180\NetProbe2\NetProbe2\NetProbe2.vcxproj" on node 2 (Build target(s)).
     1>ClCompile:
         C:\Program Files (x86)\Microsoft Visual Studio 12.0\VC\bin\CL.exe /c /ZI /nologo /W3 /WX- /Od /Oy- /D WIN32 /D _DEBUG /D _CONSOLE /D _LIB /D _UNICODE /D UNICODE /Gm /EHsc /RTC1 /MDd /GS /fp:precise /Zc:wchar_t /Zc:forScope /Yc"stdafx.h" /Fp"Debug\NetProbe2.pch" /Fo"Debug\\" /Fd"Debug\vc120.pdb" /Gd /TP /analyze- /errorReport:prompt stdafx.cpp
         stdafx.cpp
     1>m:\kk\4180\netprobe2\netprobe2\es_timer.h(117): warning C4244: 'return' : conversion from 'long double' to 'long', possible loss of data
     1>m:\kk\4180\netprobe2\netprobe2\es_timer.h(127): warning C4244: 'return' : conversion from 'long double' to 'long', possible loss of data
     1>m:\kk\4180\netprobe2\netprobe2\es_timer.h(137): warning C4244: 'return' : conversion from 'long double' to 'long', possible loss of data
         C:\Program Files (x86)\Microsoft Visual Studio 12.0\VC\bin\CL.exe /c /ZI /nologo /W3 /WX- /Od /Oy- /D WIN32 /D _DEBUG /D _CONSOLE /D _LIB /D _UNICODE /D UNICODE /Gm /EHsc /RTC1 /MDd /GS /fp:precise /Zc:wchar_t /Zc:forScope /Yu"stdafx.h" /Fp"Debug\NetProbe2.pch" /Fo"Debug\\" /Fd"Debug\vc120.pdb" /Gd /TP /analyze- /errorReport:prompt NetProbe2.cpp NetProbeClientT.cpp NetProbeClientU.cpp NetProbeServer.cpp tinycthread.cpp
         tinycthread.cpp
     1>m:\kk\4180\netprobe2\netprobe2\tinycthread.cpp(296): warning C4244: 'initializing' : conversion from 'time_t' to 'DWORD', possible loss of data
     1>m:\kk\4180\netprobe2\netprobe2\tinycthread.cpp(476): warning C4244: '=' : conversion from 'time_t' to 'DWORD', possible loss of data
     1>m:\kk\4180\netprobe2\netprobe2\tinycthread.cpp(577): warning C4996: '_ftime64': This function or variable may be unsafe. Consider using _ftime64_s instead. To disable deprecation, use _CRT_SECURE_NO_WARNINGS. See online help for details.
                 c:\program files (x86)\microsoft visual studio 12.0\vc\include\sys\timeb.h(131) : see declaration of '_ftime64'
         NetProbeServer.cpp
     1>m:\kk\4180\netprobe2\netprobe2\netprobeserver.cpp(68): warning C4101: 'recv_len' : unreferenced local variable
     1>m:\kk\4180\netprobe2\netprobe2\netprobeserver.cpp(185): warning C4244: 'argument' : conversion from 'double' to 'DWORD', possible loss of data
     1>m:\kk\4180\netprobe2\netprobe2\netprobeserver.cpp(337): warning C4244: 'argument' : conversion from 'double' to 'DWORD', possible loss of data
         NetProbeClientU.cpp
     1>m:\kk\4180\netprobe2\netprobe2\netprobeclientu.cpp(22): warning C4101: 'server' : unreferenced local variable
         NetProbeClientT.cpp
     1>m:\kk\4180\netprobe2\netprobe2\netprobeclientt.cpp(21): warning C4101: 'NewSocket' : unreferenced local variable
         NetProbe2.cpp
         Generating Code...
     1>m:\kk\4180\netprobe2\netprobe2\netprobeserver.cpp(202): warning C4715: 'TCPChild' : not all control paths return a value
     1>m:\kk\4180\netprobe2\netprobe2\netprobeserver.cpp(353): warning C4715: 'UDPChild' : not all control paths return a value
       Link:
         C:\Program Files (x86)\Microsoft Visual Studio 12.0\VC\bin\link.exe /ERRORREPORT:PROMPT /OUT:"M:\kk\4180\NetProbe2\Debug\NetProbe2.exe" /INCREMENTAL /NOLOGO kernel32.lib user32.lib gdi32.lib winspool.lib comdlg32.lib advapi32.lib shell32.lib ole32.lib oleaut32.lib uuid.lib odbc32.lib odbccp32.lib /MANIFEST /MANIFESTUAC:"level='asInvoker' uiAccess='false'" /manifest:embed /DEBUG /PDB:"M:\kk\4180\NetProbe2\Debug\NetProbe2.pdb" /SUBSYSTEM:CONSOLE /TLBID:1 /DYNAMICBASE /NXCOMPAT /IMPLIB:"M:\kk\4180\NetProbe2\Debug\NetProbe2.lib" /MACHINE:X86 Debug\NetProbe2.obj
         Debug\NetProbeClientT.obj
         Debug\NetProbeClientU.obj
         Debug\NetProbeServer.obj
         Debug\stdafx.obj
         Debug\tinycthread.obj
         NetProbe2.vcxproj -> M:\kk\4180\NetProbe2\Debug\NetProbe2.exe
     1>Done Building Project "M:\kk\4180\NetProbe2\NetProbe2\NetProbe2.vcxproj" (Build target(s)).

Build succeeded.

Time Elapsed 00:00:08.95
